{
  "stats": {
    "suites": 1,
    "tests": 1,
    "passes": 1,
    "pending": 0,
    "failures": 0,
    "start": "2024-07-24T11:32:53.970Z",
    "end": "2024-07-24T11:32:53.990Z",
    "duration": 20,
    "testsRegistered": 1,
    "passPercent": 100,
    "pendingPercent": 0,
    "other": 0,
    "hasOther": false,
    "skipped": 0,
    "hasSkipped": false
  },
  "results": [
    {
      "uuid": "202775db-bb4b-4a43-b74a-ad446f25fef1",
      "title": "",
      "fullFile": "/workspaces/assignment/test/health.js",
      "file": "/test/health.js",
      "beforeHooks": [],
      "afterHooks": [],
      "tests": [],
      "suites": [
        {
          "uuid": "18c32cde-dbc0-4c8b-a82b-adbd733a8eb6",
          "title": "test the health of app",
          "fullFile": "/workspaces/assignment/test/health.js",
          "file": "/test/health.js",
          "beforeHooks": [],
          "afterHooks": [],
          "tests": [
            {
              "title": "check health at /health GET",
              "fullTitle": "test the health of app check health at /health GET",
              "timedOut": false,
              "duration": 17,
              "state": "passed",
              "speed": "fast",
              "pass": true,
              "fail": false,
              "pending": false,
              "context": null,
              "code": "request(server)\n.get('/health')\n.expect(HttpStatus.OK)\n.end(function(err, res) {\n    should.not.exist(err);\n    done();\n});",
              "err": {},
              "uuid": "1724a66f-6faa-422a-bc43-a63fb5423309",
              "parentUUID": "18c32cde-dbc0-4c8b-a82b-adbd733a8eb6",
              "isHook": false,
              "skipped": false
            }
          ],
          "suites": [],
          "passes": [
            "1724a66f-6faa-422a-bc43-a63fb5423309"
          ],
          "failures": [],
          "pending": [],
          "skipped": [],
          "duration": 17,
          "root": false,
          "rootEmpty": false,
          "_timeout": 6000
        }
      ],
      "passes": [],
      "failures": [],
      "pending": [],
      "skipped": [],
      "duration": 0,
      "root": true,
      "rootEmpty": true,
      "_timeout": 6000
    }
  ],
  "meta": {
    "mocha": {
      "version": "10.7.0"
    },
    "mochawesome": {
      "options": {
        "quiet": false,
        "reportFilename": "mochawesome",
        "saveHtml": true,
        "saveJson": true,
        "consoleReporter": "spec",
        "useInlineDiffs": false,
        "code": true
      },
      "version": "7.1.3"
    },
    "marge": {
      "options": null,
      "version": "6.2.0"
    }
  }
}